[2018-07-04 14:42:22,745] ERROR {org.ballerinalang.net.http.HttpConnectorPortBindingListener} - Error in http endpoint 
java.net.BindException: Address already in use
	at sun.nio.ch.Net.bind0(Native Method)
	at sun.nio.ch.Net.bind(Net.java:433)
	at sun.nio.ch.Net.bind(Net.java:425)
	at sun.nio.ch.ServerSocketChannelImpl.bind(ServerSocketChannelImpl.java:223)
	at io.netty.channel.socket.nio.NioServerSocketChannel.doBind(NioServerSocketChannel.java:128)
	at io.netty.channel.AbstractChannel$AbstractUnsafe.bind(AbstractChannel.java:558)
	at io.netty.channel.DefaultChannelPipeline$HeadContext.bind(DefaultChannelPipeline.java:1283)
	at io.netty.channel.AbstractChannelHandlerContext.invokeBind(AbstractChannelHandlerContext.java:501)
	at io.netty.channel.AbstractChannelHandlerContext.bind(AbstractChannelHandlerContext.java:486)
	at io.netty.channel.DefaultChannelPipeline.bind(DefaultChannelPipeline.java:989)
	at io.netty.channel.AbstractChannel.bind(AbstractChannel.java:254)
	at io.netty.bootstrap.AbstractBootstrap$2.run(AbstractBootstrap.java:364)
	at io.netty.util.concurrent.AbstractEventExecutor.safeExecute(AbstractEventExecutor.java:163)
	at io.netty.util.concurrent.SingleThreadEventExecutor.runAllTasks(SingleThreadEventExecutor.java:404)
	at io.netty.channel.nio.NioEventLoop.run(NioEventLoop.java:463)
	at io.netty.util.concurrent.SingleThreadEventExecutor$5.run(SingleThreadEventExecutor.java:886)
	at io.netty.util.concurrent.FastThreadLocalRunnable.run(FastThreadLocalRunnable.java:30)
	at java.lang.Thread.run(Thread.java:748)
 
[2018-07-04 14:42:37,655] ERROR {org.ballerinalang.net.http.HttpConnectorPortBindingListener} - Error in http endpoint 
java.net.BindException: Address already in use
	at sun.nio.ch.Net.bind0(Native Method)
	at sun.nio.ch.Net.bind(Net.java:433)
	at sun.nio.ch.Net.bind(Net.java:425)
	at sun.nio.ch.ServerSocketChannelImpl.bind(ServerSocketChannelImpl.java:223)
	at io.netty.channel.socket.nio.NioServerSocketChannel.doBind(NioServerSocketChannel.java:128)
	at io.netty.channel.AbstractChannel$AbstractUnsafe.bind(AbstractChannel.java:558)
	at io.netty.channel.DefaultChannelPipeline$HeadContext.bind(DefaultChannelPipeline.java:1283)
	at io.netty.channel.AbstractChannelHandlerContext.invokeBind(AbstractChannelHandlerContext.java:501)
	at io.netty.channel.AbstractChannelHandlerContext.bind(AbstractChannelHandlerContext.java:486)
	at io.netty.channel.DefaultChannelPipeline.bind(DefaultChannelPipeline.java:989)
	at io.netty.channel.AbstractChannel.bind(AbstractChannel.java:254)
	at io.netty.bootstrap.AbstractBootstrap$2.run(AbstractBootstrap.java:364)
	at io.netty.util.concurrent.AbstractEventExecutor.safeExecute(AbstractEventExecutor.java:163)
	at io.netty.util.concurrent.SingleThreadEventExecutor.runAllTasks(SingleThreadEventExecutor.java:404)
	at io.netty.channel.nio.NioEventLoop.run(NioEventLoop.java:463)
	at io.netty.util.concurrent.SingleThreadEventExecutor$5.run(SingleThreadEventExecutor.java:886)
	at io.netty.util.concurrent.FastThreadLocalRunnable.run(FastThreadLocalRunnable.java:30)
	at java.lang.Thread.run(Thread.java:748)
 
[2018-07-04 14:47:47,279] ERROR {org.ballerinalang.net.http.HttpUtil} - call failed  
[2018-07-04 14:48:48,647] ERROR {org.wso2.transport.http.netty.sender.TargetHandler} - Exception occurred in TargetHandler for channel 08d40cfffe249857-000068c1-00000002-f1a4e2fe22c958ad-ddada9dd 
java.io.IOException: Connection reset by peer
	at sun.nio.ch.FileDispatcherImpl.read0(Native Method)
	at sun.nio.ch.SocketDispatcher.read(SocketDispatcher.java:39)
	at sun.nio.ch.IOUtil.readIntoNativeBuffer(IOUtil.java:223)
	at sun.nio.ch.IOUtil.read(IOUtil.java:192)
	at sun.nio.ch.SocketChannelImpl.read(SocketChannelImpl.java:380)
	at io.netty.buffer.PooledUnsafeDirectByteBuf.setBytes(PooledUnsafeDirectByteBuf.java:288)
	at io.netty.buffer.AbstractByteBuf.writeBytes(AbstractByteBuf.java:1108)
	at io.netty.channel.socket.nio.NioSocketChannel.doReadBytes(NioSocketChannel.java:345)
	at io.netty.channel.nio.AbstractNioByteChannel$NioByteUnsafe.read(AbstractNioByteChannel.java:126)
	at io.netty.channel.nio.NioEventLoop.processSelectedKey(NioEventLoop.java:645)
	at io.netty.channel.nio.NioEventLoop.processSelectedKeysOptimized(NioEventLoop.java:580)
	at io.netty.channel.nio.NioEventLoop.processSelectedKeys(NioEventLoop.java:497)
	at io.netty.channel.nio.NioEventLoop.run(NioEventLoop.java:459)
	at io.netty.util.concurrent.SingleThreadEventExecutor$5.run(SingleThreadEventExecutor.java:886)
	at io.netty.util.concurrent.FastThreadLocalRunnable.run(FastThreadLocalRunnable.java:30)
	at java.lang.Thread.run(Thread.java:748)
 
[2018-07-04 14:48:48,650] ERROR {org.ballerinalang.net.http.HttpUtil} - call failed  
[2018-07-04 14:49:13,516] ERROR {org.ballerinalang.net.http.HttpUtil} - call failed  
[2018-07-04 14:50:01,831] ERROR {org.ballerinalang.net.http.HttpUtil} - call failed  
[2018-07-04 14:51:09,728] ERROR {org.ballerinalang.net.http.HttpUtil} - call failed  
[2018-07-04 15:21:33,774] ERROR {org.ballerinalang.net.http.HttpUtil} - call failed  
[2018-07-04 15:25:28,545] ERROR {org.ballerinalang.net.http.HttpUtil} - call failed  
[2018-07-04 15:26:17,174] ERROR {org.ballerinalang.net.http.BallerinaHTTPConnectorListener} - Error in HTTP server connector: Remote client closed connection before initiating outbound response  
[2018-07-04 15:28:35,851] ERROR {org.ballerinalang.net.http.BallerinaHTTPConnectorListener} - Error in HTTP server connector: Idle timeout triggered before initiating outbound response  
[2018-07-04 15:34:41,968] ERROR {org.ballerinalang.net.http.BallerinaHTTPConnectorListener} - Error in HTTP server connector: Idle timeout triggered before initiating outbound response  
[2018-07-04 15:38:11,851] ERROR {org.ballerinalang.net.http.BallerinaHTTPConnectorListener} - Error in HTTP server connector: Idle timeout triggered before initiating outbound response  
[2018-07-04 17:05:11,109] ERROR {org.ballerinalang.net.http.BallerinaHTTPConnectorListener} - Error in HTTP server connector: Idle timeout triggered before initiating outbound response  
[2018-07-04 17:17:58,937] ERROR {org.ballerinalang.net.http.BallerinaHTTPConnectorListener} - Error in HTTP server connector: Idle timeout triggered before initiating outbound response  
[2018-07-04 21:58:26,454] ERROR {org.ballerinalang.net.http.BallerinaHTTPConnectorListener} - Error in HTTP server connector: Idle timeout triggered before initiating outbound response  
[2018-07-05 10:21:54,981] ERROR {org.ballerinalang.net.http.BallerinaHTTPConnectorListener} - Error in HTTP server connector: Remote client closed connection before initiating outbound response  
[2018-07-05 10:43:43,796] ERROR {org.ballerinalang.net.http.BallerinaHTTPConnectorListener} - Error in HTTP server connector: Remote client closed connection before initiating outbound response  
[2018-07-05 10:44:51,115] ERROR {org.ballerinalang.net.http.BallerinaHTTPConnectorListener} - Error in HTTP server connector: Remote client closed connection before initiating outbound response  
[2018-07-05 10:47:23,524] ERROR {org.ballerinalang.net.http.BallerinaHTTPConnectorListener} - Error in HTTP server connector: Idle timeout triggered before initiating outbound response  
[2018-07-05 10:51:35,738] ERROR {org.ballerinalang.net.http.HttpUtil} - call failed  
[2018-07-05 10:53:38,368] ERROR {org.ballerinalang.net.http.HttpUtil} - call failed  
[2018-07-05 10:53:54,252] ERROR {org.ballerinalang.net.http.HttpUtil} - call failed  
[2018-07-05 10:55:42,353] ERROR {org.ballerinalang.net.http.HttpUtil} - call failed  
[2018-07-05 11:25:15,813] ERROR {org.ballerinalang.net.http.BallerinaHTTPConnectorListener} - Error in HTTP server connector: Remote client closed connection before initiating outbound response  
[2018-07-05 11:25:42,597] ERROR {org.ballerinalang.net.http.BallerinaHTTPConnectorListener} - Error in HTTP server connector: Remote client closed connection before initiating outbound response  
[2018-07-05 11:27:55,475] ERROR {org.ballerinalang.net.http.BallerinaHTTPConnectorListener} - Error in HTTP server connector: Idle timeout triggered before initiating outbound response  
[2018-07-05 11:40:51,716] ERROR {org.ballerinalang.net.http.BallerinaHTTPConnectorListener} - Error in HTTP server connector: Idle timeout triggered before initiating outbound response  
[2018-07-05 11:45:03,079] ERROR {org.ballerinalang.net.http.BallerinaHTTPConnectorListener} - Error in HTTP server connector: Idle timeout triggered before initiating outbound response  
[2018-07-05 12:05:30,224] ERROR {org.ballerinalang.net.http.BallerinaHTTPConnectorListener} - Error in HTTP server connector: Idle timeout triggered before initiating outbound response  
[2018-07-05 14:07:22,380] ERROR {org.ballerinalang.net.http.HttpConnectorPortBindingListener} - Error in http endpoint 
java.net.BindException: Address already in use
	at sun.nio.ch.Net.bind0(Native Method)
	at sun.nio.ch.Net.bind(Net.java:433)
	at sun.nio.ch.Net.bind(Net.java:425)
	at sun.nio.ch.ServerSocketChannelImpl.bind(ServerSocketChannelImpl.java:223)
	at io.netty.channel.socket.nio.NioServerSocketChannel.doBind(NioServerSocketChannel.java:128)
	at io.netty.channel.AbstractChannel$AbstractUnsafe.bind(AbstractChannel.java:558)
	at io.netty.channel.DefaultChannelPipeline$HeadContext.bind(DefaultChannelPipeline.java:1283)
	at io.netty.channel.AbstractChannelHandlerContext.invokeBind(AbstractChannelHandlerContext.java:501)
	at io.netty.channel.AbstractChannelHandlerContext.bind(AbstractChannelHandlerContext.java:486)
	at io.netty.channel.DefaultChannelPipeline.bind(DefaultChannelPipeline.java:989)
	at io.netty.channel.AbstractChannel.bind(AbstractChannel.java:254)
	at io.netty.bootstrap.AbstractBootstrap$2.run(AbstractBootstrap.java:364)
	at io.netty.util.concurrent.AbstractEventExecutor.safeExecute(AbstractEventExecutor.java:163)
	at io.netty.util.concurrent.SingleThreadEventExecutor.runAllTasks(SingleThreadEventExecutor.java:404)
	at io.netty.channel.nio.NioEventLoop.run(NioEventLoop.java:463)
	at io.netty.util.concurrent.SingleThreadEventExecutor$5.run(SingleThreadEventExecutor.java:886)
	at io.netty.util.concurrent.FastThreadLocalRunnable.run(FastThreadLocalRunnable.java:30)
	at java.lang.Thread.run(Thread.java:748)
 
[2018-07-05 14:08:31,634] ERROR {org.ballerinalang.net.http.HttpUtil} - call failed  
[2018-07-05 14:36:48,333] ERROR {org.ballerinalang.net.http.BallerinaHTTPConnectorListener} - Error in HTTP server connector: Remote client closed connection before initiating outbound response  
[2018-07-05 14:43:36,240] ERROR {org.ballerinalang.net.http.HttpUtil} - call failed  
[2018-07-05 14:44:13,670] ERROR {org.ballerinalang.net.http.HttpUtil} - call failed  
[2018-07-05 14:50:45,908] ERROR {org.ballerinalang.net.http.HttpUtil} - call failed  
[2018-07-05 14:54:58,437] ERROR {org.ballerinalang.net.http.HttpUtil} - call failed  
[2018-07-05 14:57:18,947] ERROR {org.ballerinalang.net.http.BallerinaHTTPConnectorListener} - Error in HTTP server connector: Remote client closed connection before initiating outbound response  
[2018-07-05 14:58:11,323] ERROR {org.wso2.transport.http.netty.sender.TargetHandler} - Exception occurred in TargetHandler for channel 08d40cfffe249857-000058b6-00000002-3394fbe24ef387c9-89492c97 
java.io.IOException: Connection reset by peer
	at sun.nio.ch.FileDispatcherImpl.read0(Native Method)
	at sun.nio.ch.SocketDispatcher.read(SocketDispatcher.java:39)
	at sun.nio.ch.IOUtil.readIntoNativeBuffer(IOUtil.java:223)
	at sun.nio.ch.IOUtil.read(IOUtil.java:192)
	at sun.nio.ch.SocketChannelImpl.read(SocketChannelImpl.java:380)
	at io.netty.buffer.PooledUnsafeDirectByteBuf.setBytes(PooledUnsafeDirectByteBuf.java:288)
	at io.netty.buffer.AbstractByteBuf.writeBytes(AbstractByteBuf.java:1108)
	at io.netty.channel.socket.nio.NioSocketChannel.doReadBytes(NioSocketChannel.java:345)
	at io.netty.channel.nio.AbstractNioByteChannel$NioByteUnsafe.read(AbstractNioByteChannel.java:126)
	at io.netty.channel.nio.NioEventLoop.processSelectedKey(NioEventLoop.java:645)
	at io.netty.channel.nio.NioEventLoop.processSelectedKeysOptimized(NioEventLoop.java:580)
	at io.netty.channel.nio.NioEventLoop.processSelectedKeys(NioEventLoop.java:497)
	at io.netty.channel.nio.NioEventLoop.run(NioEventLoop.java:459)
	at io.netty.util.concurrent.SingleThreadEventExecutor$5.run(SingleThreadEventExecutor.java:886)
	at io.netty.util.concurrent.FastThreadLocalRunnable.run(FastThreadLocalRunnable.java:30)
	at java.lang.Thread.run(Thread.java:748)
 
[2018-07-05 14:59:21,989] ERROR {org.ballerinalang.net.http.BallerinaHTTPConnectorListener} - Error in HTTP server connector: Remote client closed connection before initiating outbound response  
[2018-07-05 18:16:17,250] ERROR {org.ballerinalang.net.http.HttpUtil} - call failed  
[2018-07-05 18:18:08,663] ERROR {org.ballerinalang.net.http.BallerinaHTTPConnectorListener} - Error in HTTP server connector: Remote client closed connection before initiating outbound response  
[2018-07-05 18:20:41,452] ERROR {org.ballerinalang.net.http.BallerinaHTTPConnectorListener} - Error in HTTP server connector: Remote client closed connection before initiating outbound response  
[2018-07-05 18:27:53,780] ERROR {org.ballerinalang.net.http.BallerinaHTTPConnectorListener} - Error in HTTP server connector: Remote client closed connection before initiating outbound response  
[2018-07-06 00:01:33,109] ERROR {org.ballerinalang.net.http.BallerinaHTTPConnectorListener} - Error in HTTP server connector: Remote client closed connection before initiating outbound response  
[2018-07-06 00:17:46,096] ERROR {org.ballerinalang.net.http.BallerinaHTTPConnectorListener} - Error in HTTP server connector: Remote client closed connection before initiating outbound response  
[2018-07-06 00:31:39,189] ERROR {org.ballerinalang.net.http.BallerinaHTTPConnectorListener} - Error in HTTP server connector: Remote client closed connection before initiating outbound response  
[2018-07-06 00:40:57,527] ERROR {org.ballerinalang.net.http.BallerinaHTTPConnectorListener} - Error in HTTP server connector: Remote client closed connection before initiating outbound response  
[2018-07-06 00:44:28,007] ERROR {org.ballerinalang.net.http.BallerinaHTTPConnectorListener} - Error in HTTP server connector: Remote client closed connection before initiating outbound response  
[2018-07-06 01:01:51,899] ERROR {org.ballerinalang.net.http.BallerinaHTTPConnectorListener} - Error in HTTP server connector: Remote client closed connection before initiating outbound response  
[2018-07-06 01:16:19,582] ERROR {org.ballerinalang.net.http.BallerinaHTTPConnectorListener} - Error in HTTP server connector: Remote client closed connection before initiating outbound response  
[2018-07-06 01:21:36,579] ERROR {org.ballerinalang.net.http.BallerinaHTTPConnectorListener} - Error in HTTP server connector: Remote client closed connection before initiating outbound response  
[2018-07-06 01:22:44,918] ERROR {org.ballerinalang.net.http.BallerinaHTTPConnectorListener} - Error in HTTP server connector: Remote client closed connection before initiating outbound response  
[2018-07-06 01:33:49,457] ERROR {org.ballerinalang.net.http.BallerinaHTTPConnectorListener} - Error in HTTP server connector: Remote client closed connection before initiating outbound response  
[2018-07-06 01:37:13,626] ERROR {org.ballerinalang.net.http.BallerinaHTTPConnectorListener} - Error in HTTP server connector: Remote client closed connection before initiating outbound response  
[2018-07-06 01:38:23,836] ERROR {org.ballerinalang.net.http.BallerinaHTTPConnectorListener} - Error in HTTP server connector: Remote client closed connection before initiating outbound response  
[2018-07-06 01:41:30,370] ERROR {org.ballerinalang.net.http.BallerinaHTTPConnectorListener} - Error in HTTP server connector: Remote client closed connection before initiating outbound response  
[2018-07-06 09:31:22,228] ERROR {org.ballerinalang.net.http.BallerinaHTTPConnectorListener} - Error in HTTP server connector: Remote client closed connection before initiating outbound response  
[2018-07-06 09:33:46,247] ERROR {org.ballerinalang.net.http.BallerinaHTTPConnectorListener} - Error in HTTP server connector: Remote client closed connection before initiating outbound response  
[2018-07-06 09:39:20,665] ERROR {org.ballerinalang.net.http.BallerinaHTTPConnectorListener} - Error in HTTP server connector: Remote client closed connection before initiating outbound response  
[2018-07-06 09:47:23,024] ERROR {org.ballerinalang.net.http.BallerinaHTTPConnectorListener} - Error in HTTP server connector: Remote client closed connection before initiating outbound response  
[2018-07-06 10:06:12,936] ERROR {org.ballerinalang.net.http.BallerinaHTTPConnectorListener} - Error in HTTP server connector: Remote client closed connection before initiating outbound response  
[2018-07-06 10:07:08,194] ERROR {org.ballerinalang.net.http.BallerinaHTTPConnectorListener} - Error in HTTP server connector: Remote client closed connection before initiating outbound response  
[2018-07-06 10:08:22,996] ERROR {org.ballerinalang.net.http.BallerinaHTTPConnectorListener} - Error in HTTP server connector: Remote client closed connection before initiating outbound response  
[2018-07-06 10:31:12,760] ERROR {org.ballerinalang.net.http.HttpUtil} - call failed  
[2018-07-06 10:41:10,712] ERROR {org.ballerinalang.net.http.HttpUtil} - call failed  
[2018-07-06 10:41:57,593] ERROR {org.ballerinalang.net.http.HttpUtil} - call failed  
[2018-07-06 10:46:06,228] ERROR {org.ballerinalang.net.http.HttpUtil} - call failed  
[2018-07-06 10:46:26,158] ERROR {org.ballerinalang.net.http.HttpUtil} - call failed  
[2018-07-06 10:52:21,664] ERROR {org.ballerinalang.net.http.BallerinaHTTPConnectorListener} - Error in HTTP server connector: Remote client closed connection before initiating outbound response  
[2018-07-06 10:53:43,031] ERROR {org.ballerinalang.net.http.BallerinaHTTPConnectorListener} - Error in HTTP server connector: Remote client closed connection before initiating outbound response  
[2018-07-06 11:21:20,431] ERROR {org.ballerinalang.net.http.BallerinaHTTPConnectorListener} - Error in HTTP server connector: Remote client closed connection before initiating outbound response  
[2018-07-06 11:22:27,982] ERROR {org.ballerinalang.net.http.BallerinaHTTPConnectorListener} - Error in HTTP server connector: Remote client closed connection before initiating outbound response  
[2018-07-06 11:23:49,138] ERROR {org.ballerinalang.net.http.BallerinaHTTPConnectorListener} - Error in HTTP server connector: Remote client closed connection before initiating outbound response  
[2018-07-06 11:40:25,155] ERROR {org.ballerinalang.net.http.BallerinaHTTPConnectorListener} - Error in HTTP server connector: Remote client closed connection before initiating outbound response  
[2018-07-06 14:46:24,083] ERROR {org.ballerinalang.net.http.BallerinaHTTPConnectorListener} - Error in HTTP server connector: Remote client closed connection before initiating outbound response  
[2018-07-06 16:03:24,861] ERROR {org.ballerinalang.net.http.HttpConnectorPortBindingListener} - Error in http endpoint 
java.net.BindException: Address already in use
	at sun.nio.ch.Net.bind0(Native Method)
	at sun.nio.ch.Net.bind(Net.java:433)
	at sun.nio.ch.Net.bind(Net.java:425)
	at sun.nio.ch.ServerSocketChannelImpl.bind(ServerSocketChannelImpl.java:223)
	at io.netty.channel.socket.nio.NioServerSocketChannel.doBind(NioServerSocketChannel.java:128)
	at io.netty.channel.AbstractChannel$AbstractUnsafe.bind(AbstractChannel.java:558)
	at io.netty.channel.DefaultChannelPipeline$HeadContext.bind(DefaultChannelPipeline.java:1283)
	at io.netty.channel.AbstractChannelHandlerContext.invokeBind(AbstractChannelHandlerContext.java:501)
	at io.netty.channel.AbstractChannelHandlerContext.bind(AbstractChannelHandlerContext.java:486)
	at io.netty.channel.DefaultChannelPipeline.bind(DefaultChannelPipeline.java:989)
	at io.netty.channel.AbstractChannel.bind(AbstractChannel.java:254)
	at io.netty.bootstrap.AbstractBootstrap$2.run(AbstractBootstrap.java:364)
	at io.netty.util.concurrent.AbstractEventExecutor.safeExecute(AbstractEventExecutor.java:163)
	at io.netty.util.concurrent.SingleThreadEventExecutor.runAllTasks(SingleThreadEventExecutor.java:404)
	at io.netty.channel.nio.NioEventLoop.run(NioEventLoop.java:463)
	at io.netty.util.concurrent.SingleThreadEventExecutor$5.run(SingleThreadEventExecutor.java:886)
	at io.netty.util.concurrent.FastThreadLocalRunnable.run(FastThreadLocalRunnable.java:30)
	at java.lang.Thread.run(Thread.java:748)
 
[2018-07-06 18:01:19,374] ERROR {org.ballerinalang.net.http.HttpConnectorPortBindingListener} - Error in http endpoint 
java.net.BindException: Address already in use
	at sun.nio.ch.Net.bind0(Native Method)
	at sun.nio.ch.Net.bind(Net.java:433)
	at sun.nio.ch.Net.bind(Net.java:425)
	at sun.nio.ch.ServerSocketChannelImpl.bind(ServerSocketChannelImpl.java:223)
	at io.netty.channel.socket.nio.NioServerSocketChannel.doBind(NioServerSocketChannel.java:128)
	at io.netty.channel.AbstractChannel$AbstractUnsafe.bind(AbstractChannel.java:558)
	at io.netty.channel.DefaultChannelPipeline$HeadContext.bind(DefaultChannelPipeline.java:1283)
	at io.netty.channel.AbstractChannelHandlerContext.invokeBind(AbstractChannelHandlerContext.java:501)
	at io.netty.channel.AbstractChannelHandlerContext.bind(AbstractChannelHandlerContext.java:486)
	at io.netty.channel.DefaultChannelPipeline.bind(DefaultChannelPipeline.java:989)
	at io.netty.channel.AbstractChannel.bind(AbstractChannel.java:254)
	at io.netty.bootstrap.AbstractBootstrap$2.run(AbstractBootstrap.java:364)
	at io.netty.util.concurrent.AbstractEventExecutor.safeExecute(AbstractEventExecutor.java:163)
	at io.netty.util.concurrent.SingleThreadEventExecutor.runAllTasks(SingleThreadEventExecutor.java:404)
	at io.netty.channel.nio.NioEventLoop.run(NioEventLoop.java:463)
	at io.netty.util.concurrent.SingleThreadEventExecutor$5.run(SingleThreadEventExecutor.java:886)
	at io.netty.util.concurrent.FastThreadLocalRunnable.run(FastThreadLocalRunnable.java:30)
	at java.lang.Thread.run(Thread.java:748)
 
